{"level":"error","message":"MongoDB connection error: bad auth : authentication failed","service":"bdd-service"}
{"level":"error","message":"MongoDB connection error: bad auth : authentication failed","service":"bdd-service"}
{"level":"error","message":"MongoDB connection error: bad auth : authentication failed","service":"bdd-service"}
{"level":"error","message":"MongoDB connection error: bad auth : authentication failed","service":"bdd-service"}
{"level":"error","message":"MongoDB connection error: bad auth : authentication failed","service":"bdd-service"}
{"level":"error","message":"MongoDB connection error: bad auth : authentication failed","service":"bdd-service"}
{"level":"error","message":"MongoDB connection error: bad auth : authentication failed","service":"bdd-service"}
{"level":"error","message":"Error creating user: E11000 duplicate key error collection: test.users index: username_1 dup key: { username: \"Darcosse\" }","service":"bdd-service","timestamp":"2025-05-05 20:29:10"}
{"level":"error","message":"Error creating user: E11000 duplicate key error collection: test.users index: username_1 dup key: { username: \"Darcosse\" }","service":"bdd-service","timestamp":"2025-05-05 20:29:32"}
{"level":"error","message":"Error creating user: E11000 duplicate key error collection: test.users index: username_1 dup key: { username: \"Darcosse\" }","service":"bdd-service","timestamp":"2025-05-05 20:31:12"}
{"level":"error","message":"Error creating user: E11000 duplicate key error collection: test.users index: username_1 dup key: { username: \"Darcosse\" }","service":"bdd-service","timestamp":"2025-05-05 20:32:28"}
{"level":"error","message":"Erreur : Converting circular structure to JSON\n    --> starting at object with constructor 'MongoClient'\n    |     property 's' -> object with constructor 'Object'\n    |     property 'sessionPool' -> object with constructor 'ServerSessionPool'\n    --- property 'client' closes the circle","service":"bdd-service","timestamp":"2025-05-05 21:07:43"}
{"level":"error","message":"Erreur : Converting circular structure to JSON\n    --> starting at object with constructor 'MongoClient'\n    |     property 's' -> object with constructor 'Object'\n    |     property 'sessionPool' -> object with constructor 'ServerSessionPool'\n    --- property 'client' closes the circle","service":"bdd-service","timestamp":"2025-05-05 21:07:44"}
{"level":"error","message":"Erreur : Converting circular structure to JSON\n    --> starting at object with constructor 'MongoClient'\n    |     property 's' -> object with constructor 'Object'\n    |     property 'sessionPool' -> object with constructor 'ServerSessionPool'\n    --- property 'client' closes the circle","service":"bdd-service","timestamp":"2025-05-05 21:08:08"}
{"level":"error","message":"Erreur : Converting circular structure to JSON\n    --> starting at object with constructor 'MongoClient'\n    |     property 's' -> object with constructor 'Object'\n    |     property 'sessionPool' -> object with constructor 'ServerSessionPool'\n    --- property 'client' closes the circle","service":"bdd-service","timestamp":"2025-05-05 21:09:13"}
{"level":"error","message":"Erreur : Converting circular structure to JSON\n    --> starting at object with constructor 'MongoClient'\n    |     property 's' -> object with constructor 'Object'\n    |     property 'sessionPool' -> object with constructor 'ServerSessionPool'\n    --- property 'client' closes the circle","service":"bdd-service","timestamp":"2025-05-05 21:09:23"}
{"level":"error","message":"Erreur : Converting circular structure to JSON\n    --> starting at object with constructor 'MongoClient'\n    |     property 's' -> object with constructor 'Object'\n    |     property 'sessionPool' -> object with constructor 'ServerSessionPool'\n    --- property 'client' closes the circle","service":"bdd-service","timestamp":"2025-05-05 21:11:02"}
{"level":"error","message":"Erreur : Converting circular structure to JSON\n    --> starting at object with constructor 'MongoClient'\n    |     property 's' -> object with constructor 'Object'\n    |     property 'sessionPool' -> object with constructor 'ServerSessionPool'\n    --- property 'client' closes the circle","service":"bdd-service","timestamp":"2025-05-05 21:11:03"}
{"level":"error","message":"Erreur : Converting circular structure to JSON\n    --> starting at object with constructor 'MongoClient'\n    |     property 's' -> object with constructor 'Object'\n    |     property 'sessionPool' -> object with constructor 'ServerSessionPool'\n    --- property 'client' closes the circle","service":"bdd-service","timestamp":"2025-05-05 21:11:10"}
{"level":"error","message":"Erreur : Converting circular structure to JSON\n    --> starting at object with constructor 'MongoClient'\n    |     property 's' -> object with constructor 'Object'\n    |     property 'sessionPool' -> object with constructor 'ServerSessionPool'\n    --- property 'client' closes the circle","service":"bdd-service","timestamp":"2025-05-05 21:11:26"}
{"level":"error","message":"Erreur : Converting circular structure to JSON\n    --> starting at object with constructor 'MongoClient'\n    |     property 's' -> object with constructor 'Object'\n    |     property 'sessionPool' -> object with constructor 'ServerSessionPool'\n    --- property 'client' closes the circle","service":"bdd-service","timestamp":"2025-05-05 21:11:27"}
{"level":"error","message":"Erreur : Cannot read properties of null (reading 'username')","service":"bdd-service","timestamp":"2025-05-05 21:12:09"}
{"level":"error","message":"Erreur : Cannot read properties of null (reading 'username')","service":"bdd-service","timestamp":"2025-05-05 21:12:10"}
{"level":"error","message":"Erreur : Cannot read properties of null (reading 'username')","service":"bdd-service","timestamp":"2025-05-05 21:12:11"}
{"level":"error","message":"Erreur : Cannot read properties of null (reading 'username')","service":"bdd-service","timestamp":"2025-05-05 21:12:12"}
{"level":"error","message":"Erreur : Cannot read properties of null (reading 'username')","service":"bdd-service","timestamp":"2025-05-05 21:12:12"}
{"level":"error","message":"Erreur : Cannot read properties of null (reading 'username')","service":"bdd-service","timestamp":"2025-05-05 21:12:17"}
{"level":"error","message":"Erreur : Cannot read properties of null (reading 'username')","service":"bdd-service","timestamp":"2025-05-05 21:12:17"}
{"level":"error","message":"Erreur : Cannot read properties of null (reading 'username')","service":"bdd-service","timestamp":"2025-05-05 21:12:18"}
{"level":"error","message":"Erreur : Cannot read properties of null (reading 'username')","service":"bdd-service","timestamp":"2025-05-05 21:12:19"}
{"level":"error","message":"Erreur : Cannot set headers after they are sent to the client","service":"bdd-service","timestamp":"2025-05-05 21:12:30"}
{"level":"error","message":"Error creating user: E11000 duplicate key error collection: test.users index: email_1 dup key: { email: \"bsahraoui.mail@gmail.com\" }","service":"bdd-service","timestamp":"2025-05-12 21:56:38"}
{"level":"error","message":"Error creating user: User validation failed: username: Path `username` is required., provider: Path `provider` is required.","service":"bdd-service","timestamp":"2025-05-18 15:18:13"}
{"level":"error","message":"Error creating user: User validation failed: provider: Path `provider` is required.","service":"bdd-service","timestamp":"2025-05-18 15:19:15"}
{"level":"error","message":"Error fetching user: returnUser is not defined","service":"bdd-service","timestamp":"2025-05-18 15:39:46"}
{"level":"error","message":"Error fetching user: returnUser is not defined","service":"bdd-service","timestamp":"2025-05-18 15:40:10"}
{"level":"error","message":"Error fetching user: returnUser is not defined","service":"bdd-service","timestamp":"2025-05-18 15:40:20"}
{"level":"error","message":"Error fetching user: returnUser is not defined","service":"bdd-service","timestamp":"2025-05-18 15:40:46"}
{"level":"error","message":"Error fetching user: returnUser is not defined","service":"bdd-service","timestamp":"2025-05-18 15:41:30"}
{"level":"error","message":"Error fetching user: returnUser is not defined","service":"bdd-service","timestamp":"2025-05-18 15:41:40"}
{"level":"error","message":"Error fetching user: returnUser is not defined","service":"bdd-service","timestamp":"2025-05-18 15:41:58"}
{"level":"error","message":"Error fetching user: returnUser is not defined","service":"bdd-service","timestamp":"2025-05-18 15:42:24"}
{"level":"error","message":"Error creating user: User validation failed: provider: Path `provider` is required.","service":"bdd-service","timestamp":"2025-05-18 21:52:12"}
{"level":"error","message":"Error updating user: returnUser is not defined","service":"bdd-service","timestamp":"2025-05-19 23:09:35"}
{"level":"error","message":"Error creating user: E11000 duplicate key error collection: test.users index: email_1 dup key: { email: \"test2@gmail.com\" }","service":"bdd-service","timestamp":"2025-05-23 14:10:51"}
{"level":"error","message":"Error creating user: E11000 duplicate key error collection: test.users index: email_1 dup key: { email: \"test2@gmail.com\" }","service":"bdd-service","timestamp":"2025-05-23 14:10:56"}
{"level":"error","message":"MongoDB connection error: Could not connect to any servers in your MongoDB Atlas cluster. One common reason is that you're trying to access the database from an IP that isn't whitelisted. Make sure your current IP address is on your Atlas cluster's IP whitelist: https://www.mongodb.com/docs/atlas/security-whitelist/","service":"bdd-service","timestamp":"2025-06-26 13:29:23"}
{"level":"error","message":"Erreur : Cannot destructure property 'tag' of 'req.params.id' as it is undefined.","service":"bdd-service","timestamp":"2025-07-04 00:58:04"}
{"level":"error","message":"Erreur : Cannot destructure property 'tag' of 'req.params.id' as it is undefined.","service":"bdd-service","timestamp":"2025-07-04 00:58:07"}
{"level":"error","message":"Erreur : Cannot destructure property 'tag' of 'req.params.id' as it is undefined.","service":"bdd-service","timestamp":"2025-07-04 00:58:08"}
{"level":"error","message":"Error updating user: comparePassword is not defined","service":"bdd-service","timestamp":"2025-07-06 12:51:41"}
{"level":"error","message":"Erreur lors de la récupération des posts pour : undefined","service":"bdd-service","timestamp":"2025-07-06 13:36:48"}
{"level":"error","message":"Erreur lors de la récupération des posts pour : undefined","service":"bdd-service","timestamp":"2025-07-06 13:36:48"}
{"level":"error","message":"Erreur lors de la récupération des posts pour : undefined","service":"bdd-service","timestamp":"2025-07-06 13:36:48"}
{"level":"error","message":"Erreur lors de la récupération des posts pour : undefined","service":"bdd-service","timestamp":"2025-07-06 13:36:48"}
{"level":"error","message":"Erreur lors de la récupération des posts pour : undefined","service":"bdd-service","timestamp":"2025-07-06 13:36:49"}
{"level":"error","message":"Erreur lors de la récupération des posts pour : undefined","service":"bdd-service","timestamp":"2025-07-06 13:36:50"}
{"level":"error","message":"Erreur lors de la récupération des posts pour : undefined","service":"bdd-service","timestamp":"2025-07-06 13:36:58"}
{"level":"error","message":"Erreur lors de la récupération des posts pour : undefined","service":"bdd-service","timestamp":"2025-07-06 13:36:58"}
{"level":"error","message":"Erreur lors de la récupération des posts pour : undefined","service":"bdd-service","timestamp":"2025-07-06 13:37:00"}
{"level":"error","message":"Erreur lors de la récupération des posts pour : undefined","service":"bdd-service","timestamp":"2025-07-06 13:37:00"}
